2025-07-27 17:55:07.039 [restartedMain] INFO  [,] c.f.f.FlightServiceApplication - Starting FlightServiceApplication using Java 21.0.6 with PID 6916 (C:\Users\akifk\IdeaProjects\flight-management-system\flight-service\target\classes started by akifk in C:\Users\akifk\IdeaProjects\flight-management-system\flight-service)
2025-07-27 17:55:07.042 [restartedMain] INFO  [,] c.f.f.FlightServiceApplication - No active profile set, falling back to 1 default profile: "default"
2025-07-27 17:55:07.116 [restartedMain] INFO  [,] o.s.b.d.e.DevToolsPropertyDefaultsPostProcessor - Devtools property defaults active! Set 'spring.devtools.add-properties' to 'false' to disable
2025-07-27 17:55:07.117 [restartedMain] INFO  [,] o.s.b.d.e.DevToolsPropertyDefaultsPostProcessor - For additional web related logging consider setting the 'logging.level.web' property to 'DEBUG'
2025-07-27 17:55:10.227 [restartedMain] INFO  [,] o.s.b.w.e.tomcat.TomcatWebServer - Tomcat initialized with port 8082 (http)
2025-07-27 17:55:10.284 [restartedMain] INFO  [,] o.s.b.w.s.c.ServletWebServerApplicationContext - Root WebApplicationContext: initialization completed in 3165 ms
2025-07-27 17:55:10.587 [restartedMain] DEBUG [,] o.s.w.f.CommonsRequestLoggingFilter - Filter 'requestLoggingFilter' configured for use
2025-07-27 17:55:12.934 [restartedMain] WARN  [,] o.s.b.w.s.c.AnnotationConfigServletWebServerApplicationContext - Exception encountered during context initialization - cancelling refresh attempt: org.springframework.beans.factory.BeanCreationException: Error creating bean with name 'entityManagerFactory' defined in class path resource [org/springframework/boot/autoconfigure/orm/jpa/HibernateJpaConfiguration.class]: Failed to initialize dependency 'liquibase' of LoadTimeWeaverAware bean 'entityManagerFactory': Error creating bean with name 'liquibase' defined in class path resource [org/springframework/boot/autoconfigure/liquibase/LiquibaseAutoConfiguration$LiquibaseConfiguration.class]: liquibase.exception.CommandExecutionException: liquibase.exception.ValidationFailedException: Validation Failed:
     1 changesets check sum
          db/changelog/changes/001-create-tables.yaml::create-flights-table::flight-management-team was: 9:8fa14bbb1176ccf635b66dd574491b3c but is now: 9:6cc28757442a8b2148fd615820ddfed2

2025-07-27 17:55:12.966 [restartedMain] INFO  [,] o.s.b.a.l.ConditionEvaluationReportLogger - 

Error starting ApplicationContext. To display the condition evaluation report re-run your application with 'debug' enabled.
2025-07-27 17:55:12.990 [restartedMain] ERROR [,] o.s.boot.SpringApplication - Application run failed
org.springframework.beans.factory.BeanCreationException: Error creating bean with name 'entityManagerFactory' defined in class path resource [org/springframework/boot/autoconfigure/orm/jpa/HibernateJpaConfiguration.class]: Failed to initialize dependency 'liquibase' of LoadTimeWeaverAware bean 'entityManagerFactory': Error creating bean with name 'liquibase' defined in class path resource [org/springframework/boot/autoconfigure/liquibase/LiquibaseAutoConfiguration$LiquibaseConfiguration.class]: liquibase.exception.CommandExecutionException: liquibase.exception.ValidationFailedException: Validation Failed:
     1 changesets check sum
          db/changelog/changes/001-create-tables.yaml::create-flights-table::flight-management-team was: 9:8fa14bbb1176ccf635b66dd574491b3c but is now: 9:6cc28757442a8b2148fd615820ddfed2

	at org.springframework.beans.factory.support.AbstractBeanFactory.doGetBean(AbstractBeanFactory.java:328)
	at org.springframework.beans.factory.support.AbstractBeanFactory.getBean(AbstractBeanFactory.java:207)
	at org.springframework.context.support.AbstractApplicationContext.finishBeanFactoryInitialization(AbstractApplicationContext.java:970)
	at org.springframework.context.support.AbstractApplicationContext.refresh(AbstractApplicationContext.java:627)
	at org.springframework.boot.web.servlet.context.ServletWebServerApplicationContext.refresh(ServletWebServerApplicationContext.java:146)
	at org.springframework.boot.SpringApplication.refresh(SpringApplication.java:752)
	at org.springframework.boot.SpringApplication.refreshContext(SpringApplication.java:439)
	at org.springframework.boot.SpringApplication.run(SpringApplication.java:318)
	at org.springframework.boot.SpringApplication.run(SpringApplication.java:1361)
	at org.springframework.boot.SpringApplication.run(SpringApplication.java:1350)
	at com.flightmanagement.flightservice.FlightServiceApplication.main(FlightServiceApplication.java:11)
	at java.base/jdk.internal.reflect.DirectMethodHandleAccessor.invoke(Unknown Source)
	at java.base/java.lang.reflect.Method.invoke(Unknown Source)
	at org.springframework.boot.devtools.restart.RestartLauncher.run(RestartLauncher.java:50)
Caused by: org.springframework.beans.factory.BeanCreationException: Error creating bean with name 'liquibase' defined in class path resource [org/springframework/boot/autoconfigure/liquibase/LiquibaseAutoConfiguration$LiquibaseConfiguration.class]: liquibase.exception.CommandExecutionException: liquibase.exception.ValidationFailedException: Validation Failed:
     1 changesets check sum
          db/changelog/changes/001-create-tables.yaml::create-flights-table::flight-management-team was: 9:8fa14bbb1176ccf635b66dd574491b3c but is now: 9:6cc28757442a8b2148fd615820ddfed2

	at org.springframework.beans.factory.support.AbstractAutowireCapableBeanFactory.initializeBean(AbstractAutowireCapableBeanFactory.java:1826)
	at org.springframework.beans.factory.support.AbstractAutowireCapableBeanFactory.doCreateBean(AbstractAutowireCapableBeanFactory.java:607)
	at org.springframework.beans.factory.support.AbstractAutowireCapableBeanFactory.createBean(AbstractAutowireCapableBeanFactory.java:529)
	at org.springframework.beans.factory.support.AbstractBeanFactory.lambda$doGetBean$0(AbstractBeanFactory.java:339)
	at org.springframework.beans.factory.support.DefaultSingletonBeanRegistry.getSingleton(DefaultSingletonBeanRegistry.java:373)
	at org.springframework.beans.factory.support.AbstractBeanFactory.doGetBean(AbstractBeanFactory.java:337)
	at org.springframework.beans.factory.support.AbstractBeanFactory.getBean(AbstractBeanFactory.java:202)
	at org.springframework.beans.factory.support.AbstractBeanFactory.doGetBean(AbstractBeanFactory.java:315)
	... 13 common frames omitted
Caused by: liquibase.exception.LiquibaseException: liquibase.exception.CommandExecutionException: liquibase.exception.ValidationFailedException: Validation Failed:
     1 changesets check sum
          db/changelog/changes/001-create-tables.yaml::create-flights-table::flight-management-team was: 9:8fa14bbb1176ccf635b66dd574491b3c but is now: 9:6cc28757442a8b2148fd615820ddfed2

	at liquibase.integration.spring.SpringLiquibase.afterPropertiesSet(SpringLiquibase.java:288)
	at org.springframework.beans.factory.support.AbstractAutowireCapableBeanFactory.invokeInitMethods(AbstractAutowireCapableBeanFactory.java:1873)
	at org.springframework.beans.factory.support.AbstractAutowireCapableBeanFactory.initializeBean(AbstractAutowireCapableBeanFactory.java:1822)
	... 20 common frames omitted
Caused by: liquibase.exception.CommandExecutionException: liquibase.exception.ValidationFailedException: Validation Failed:
     1 changesets check sum
          db/changelog/changes/001-create-tables.yaml::create-flights-table::flight-management-team was: 9:8fa14bbb1176ccf635b66dd574491b3c but is now: 9:6cc28757442a8b2148fd615820ddfed2

	at liquibase.command.CommandScope.lambda$execute$6(CommandScope.java:300)
	at liquibase.Scope.child(Scope.java:210)
	at liquibase.Scope.child(Scope.java:186)
	at liquibase.command.CommandScope.execute(CommandScope.java:241)
	at liquibase.Liquibase.lambda$update$0(Liquibase.java:216)
	at liquibase.Scope.lambda$child$0(Scope.java:201)
	at liquibase.Scope.child(Scope.java:210)
	at liquibase.Scope.child(Scope.java:200)
	at liquibase.Scope.child(Scope.java:179)
	at liquibase.Liquibase.runInScope(Liquibase.java:1333)
	at liquibase.Liquibase.update(Liquibase.java:205)
	at liquibase.Liquibase.update(Liquibase.java:188)
	at liquibase.integration.spring.SpringLiquibase.performUpdate(SpringLiquibase.java:326)
	at liquibase.integration.spring.SpringLiquibase.lambda$afterPropertiesSet$0(SpringLiquibase.java:278)
	at liquibase.Scope.lambda$child$0(Scope.java:201)
	at liquibase.Scope.child(Scope.java:210)
	at liquibase.Scope.child(Scope.java:200)
	at liquibase.Scope.child(Scope.java:179)
	at liquibase.integration.spring.SpringLiquibase.afterPropertiesSet(SpringLiquibase.java:271)
	... 22 common frames omitted
Caused by: liquibase.exception.ValidationFailedException: Validation Failed:
     1 changesets check sum
          db/changelog/changes/001-create-tables.yaml::create-flights-table::flight-management-team was: 9:8fa14bbb1176ccf635b66dd574491b3c but is now: 9:6cc28757442a8b2148fd615820ddfed2

	at liquibase.changelog.DatabaseChangeLog.validate(DatabaseChangeLog.java:384)
	at liquibase.command.core.helpers.DatabaseChangelogCommandStep.run(DatabaseChangelogCommandStep.java:88)
	at liquibase.command.CommandScope.lambda$execute$6(CommandScope.java:253)
	... 40 common frames omitted
2025-07-27 17:55:45.796 [restartedMain] INFO  [,] c.f.f.FlightServiceApplication - Starting FlightServiceApplication using Java 21.0.6 with PID 20756 (C:\Users\akifk\IdeaProjects\flight-management-system\flight-service\target\classes started by akifk in C:\Users\akifk\IdeaProjects\flight-management-system\flight-service)
2025-07-27 17:55:45.798 [restartedMain] INFO  [,] c.f.f.FlightServiceApplication - No active profile set, falling back to 1 default profile: "default"
2025-07-27 17:55:45.833 [restartedMain] INFO  [,] o.s.b.d.e.DevToolsPropertyDefaultsPostProcessor - Devtools property defaults active! Set 'spring.devtools.add-properties' to 'false' to disable
2025-07-27 17:55:45.833 [restartedMain] INFO  [,] o.s.b.d.e.DevToolsPropertyDefaultsPostProcessor - For additional web related logging consider setting the 'logging.level.web' property to 'DEBUG'
2025-07-27 17:55:47.854 [restartedMain] INFO  [,] o.s.b.w.e.tomcat.TomcatWebServer - Tomcat initialized with port 8082 (http)
2025-07-27 17:55:47.909 [restartedMain] INFO  [,] o.s.b.w.s.c.ServletWebServerApplicationContext - Root WebApplicationContext: initialization completed in 2075 ms
2025-07-27 17:55:48.189 [restartedMain] DEBUG [,] o.s.w.f.CommonsRequestLoggingFilter - Filter 'requestLoggingFilter' configured for use
2025-07-27 17:55:55.082 [restartedMain] WARN  [,] org.hibernate.orm.deprecation - HHH90000025: MySQL8Dialect does not need to be specified explicitly using 'hibernate.dialect' (remove the property setting and it will be selected by default)
2025-07-27 17:55:55.084 [restartedMain] WARN  [,] org.hibernate.orm.deprecation - HHH90000026: MySQL8Dialect has been deprecated; use org.hibernate.dialect.MySQLDialect instead
2025-07-27 17:55:58.261 [restartedMain] INFO  [,] c.f.f.service.MetricsService - Initializing custom metrics for Flight Service
2025-07-27 17:55:58.263 [restartedMain] INFO  [,] c.f.f.service.MetricsService - Custom metrics initialized successfully
2025-07-27 17:55:58.591 [restartedMain] WARN  [,] o.s.b.w.s.c.AnnotationConfigServletWebServerApplicationContext - Exception encountered during context initialization - cancelling refresh attempt: org.springframework.beans.factory.UnsatisfiedDependencyException: Error creating bean with name 'simpleSystemHealthController' defined in file [C:\Users\akifk\IdeaProjects\flight-management-system\flight-service\target\classes\com\flightmanagement\flightservice\controller\SimpleSystemHealthController.class]: Unsatisfied dependency expressed through constructor parameter 0: Error creating bean with name 'simpleDependencyHealthIndicator' defined in file [C:\Users\akifk\IdeaProjects\flight-management-system\flight-service\target\classes\com\flightmanagement\flightservice\health\SimpleDependencyHealthIndicator.class]: Unsatisfied dependency expressed through constructor parameter 3: No qualifying bean of type 'org.springframework.kafka.core.KafkaTemplate<java.lang.String, java.lang.Object>' available: expected at least 1 bean which qualifies as autowire candidate. Dependency annotations: {}
2025-07-27 17:55:58.728 [restartedMain] INFO  [,] o.s.b.a.l.ConditionEvaluationReportLogger - 

Error starting ApplicationContext. To display the condition evaluation report re-run your application with 'debug' enabled.
2025-07-27 17:55:58.750 [restartedMain] ERROR [,] o.s.b.d.LoggingFailureAnalysisReporter - 

***************************
APPLICATION FAILED TO START
***************************

Description:

Parameter 3 of constructor in com.flightmanagement.flightservice.health.SimpleDependencyHealthIndicator required a bean of type 'org.springframework.kafka.core.KafkaTemplate' that could not be found.


Action:

Consider defining a bean of type 'org.springframework.kafka.core.KafkaTemplate' in your configuration.

2025-07-27 17:57:31.635 [restartedMain] INFO  [,] c.f.f.FlightServiceApplication - Starting FlightServiceApplication using Java 21.0.6 with PID 17840 (C:\Users\akifk\IdeaProjects\flight-management-system\flight-service\target\classes started by akifk in C:\Users\akifk\IdeaProjects\flight-management-system\flight-service)
2025-07-27 17:57:31.637 [restartedMain] INFO  [,] c.f.f.FlightServiceApplication - No active profile set, falling back to 1 default profile: "default"
2025-07-27 17:57:31.673 [restartedMain] INFO  [,] o.s.b.d.e.DevToolsPropertyDefaultsPostProcessor - Devtools property defaults active! Set 'spring.devtools.add-properties' to 'false' to disable
2025-07-27 17:57:31.673 [restartedMain] INFO  [,] o.s.b.d.e.DevToolsPropertyDefaultsPostProcessor - For additional web related logging consider setting the 'logging.level.web' property to 'DEBUG'
2025-07-27 17:57:33.686 [restartedMain] INFO  [,] o.s.b.w.e.tomcat.TomcatWebServer - Tomcat initialized with port 8082 (http)
2025-07-27 17:57:33.742 [restartedMain] INFO  [,] o.s.b.w.s.c.ServletWebServerApplicationContext - Root WebApplicationContext: initialization completed in 2068 ms
2025-07-27 17:57:34.038 [restartedMain] DEBUG [,] o.s.w.f.CommonsRequestLoggingFilter - Filter 'requestLoggingFilter' configured for use
2025-07-27 17:57:36.567 [restartedMain] WARN  [,] org.hibernate.orm.deprecation - HHH90000025: MySQL8Dialect does not need to be specified explicitly using 'hibernate.dialect' (remove the property setting and it will be selected by default)
2025-07-27 17:57:36.569 [restartedMain] WARN  [,] org.hibernate.orm.deprecation - HHH90000026: MySQL8Dialect has been deprecated; use org.hibernate.dialect.MySQLDialect instead
2025-07-27 17:57:39.746 [restartedMain] INFO  [,] c.f.f.service.MetricsService - Initializing custom metrics for Flight Service
2025-07-27 17:57:39.748 [restartedMain] INFO  [,] c.f.f.service.MetricsService - Custom metrics initialized successfully
2025-07-27 17:57:40.197 [restartedMain] WARN  [,] o.s.b.a.o.j.JpaBaseConfiguration$JpaWebConfiguration - spring.jpa.open-in-view is enabled by default. Therefore, database queries may be performed during view rendering. Explicitly configure spring.jpa.open-in-view to disable this warning
2025-07-27 17:57:40.733 [restartedMain] INFO  [,] o.s.b.a.e.web.EndpointLinksResolver - Exposing 7 endpoints beneath base path '/actuator'
2025-07-27 17:57:41.852 [restartedMain] WARN  [,] o.s.b.d.a.OptionalLiveReloadServer - Unable to start LiveReload server
2025-07-27 17:57:41.949 [restartedMain] INFO  [,] o.s.b.w.e.tomcat.TomcatWebServer - Tomcat started on port 8082 (http) with context path '/'
2025-07-27 17:57:42.205 [restartedMain] INFO  [,] c.f.f.FlightServiceApplication - Started FlightServiceApplication in 10.973 seconds (process running for 11.408)
2025-07-27 17:57:42.522 [org.springframework.kafka.KafkaListenerEndpointContainer#0-0-C-1] WARN  [,] o.apache.kafka.clients.NetworkClient - [Consumer clientId=consumer-flight-service-group-1, groupId=flight-service-group] Connection to node -1 (localhost/127.0.0.1:9092) could not be established. Node may not be available.
2025-07-27 17:57:42.522 [org.springframework.kafka.KafkaListenerEndpointContainer#0-0-C-1] WARN  [,] o.apache.kafka.clients.NetworkClient - [Consumer clientId=consumer-flight-service-group-1, groupId=flight-service-group] Bootstrap broker localhost:9092 (id: -1 rack: null) disconnected
2025-07-27 17:57:42.640 [org.springframework.kafka.KafkaListenerEndpointContainer#0-0-C-1] WARN  [,] o.apache.kafka.clients.NetworkClient - [Consumer clientId=consumer-flight-service-group-1, groupId=flight-service-group] Connection to node -1 (localhost/127.0.0.1:9092) could not be established. Node may not be available.
2025-07-27 17:57:42.641 [org.springframework.kafka.KafkaListenerEndpointContainer#0-0-C-1] WARN  [,] o.apache.kafka.clients.NetworkClient - [Consumer clientId=consumer-flight-service-group-1, groupId=flight-service-group] Bootstrap broker localhost:9092 (id: -1 rack: null) disconnected
2025-07-27 17:57:42.766 [org.springframework.kafka.KafkaListenerEndpointContainer#0-0-C-1] WARN  [,] o.apache.kafka.clients.NetworkClient - [Consumer clientId=consumer-flight-service-group-1, groupId=flight-service-group] Connection to node -1 (localhost/127.0.0.1:9092) could not be established. Node may not be available.
2025-07-27 17:57:42.766 [org.springframework.kafka.KafkaListenerEndpointContainer#0-0-C-1] WARN  [,] o.apache.kafka.clients.NetworkClient - [Consumer clientId=consumer-flight-service-group-1, groupId=flight-service-group] Bootstrap broker localhost:9092 (id: -1 rack: null) disconnected
2025-07-27 17:57:42.970 [org.springframework.kafka.KafkaListenerEndpointContainer#0-0-C-1] WARN  [,] o.apache.kafka.clients.NetworkClient - [Consumer clientId=consumer-flight-service-group-1, groupId=flight-service-group] Connection to node -1 (localhost/127.0.0.1:9092) could not be established. Node may not be available.
2025-07-27 17:57:42.971 [org.springframework.kafka.KafkaListenerEndpointContainer#0-0-C-1] WARN  [,] o.apache.kafka.clients.NetworkClient - [Consumer clientId=consumer-flight-service-group-1, groupId=flight-service-group] Bootstrap broker localhost:9092 (id: -1 rack: null) disconnected
2025-07-27 17:57:43.477 [org.springframework.kafka.KafkaListenerEndpointContainer#0-0-C-1] WARN  [,] o.apache.kafka.clients.NetworkClient - [Consumer clientId=consumer-flight-service-group-1, groupId=flight-service-group] Connection to node -1 (localhost/127.0.0.1:9092) could not be established. Node may not be available.
2025-07-27 17:57:43.478 [org.springframework.kafka.KafkaListenerEndpointContainer#0-0-C-1] WARN  [,] o.apache.kafka.clients.NetworkClient - [Consumer clientId=consumer-flight-service-group-1, groupId=flight-service-group] Bootstrap broker localhost:9092 (id: -1 rack: null) disconnected
2025-07-27 17:57:44.217 [org.springframework.kafka.KafkaListenerEndpointContainer#0-0-C-1] WARN  [,] o.apache.kafka.clients.NetworkClient - [Consumer clientId=consumer-flight-service-group-1, groupId=flight-service-group] Connection to node -1 (localhost/127.0.0.1:9092) could not be established. Node may not be available.
2025-07-27 17:57:44.218 [org.springframework.kafka.KafkaListenerEndpointContainer#0-0-C-1] WARN  [,] o.apache.kafka.clients.NetworkClient - [Consumer clientId=consumer-flight-service-group-1, groupId=flight-service-group] Bootstrap broker localhost:9092 (id: -1 rack: null) disconnected
2025-07-27 17:57:45.071 [org.springframework.kafka.KafkaListenerEndpointContainer#0-0-C-1] WARN  [,] o.apache.kafka.clients.NetworkClient - [Consumer clientId=consumer-flight-service-group-1, groupId=flight-service-group] Connection to node -1 (localhost/127.0.0.1:9092) could not be established. Node may not be available.
2025-07-27 17:57:45.072 [org.springframework.kafka.KafkaListenerEndpointContainer#0-0-C-1] WARN  [,] o.apache.kafka.clients.NetworkClient - [Consumer clientId=consumer-flight-service-group-1, groupId=flight-service-group] Bootstrap broker localhost:9092 (id: -1 rack: null) disconnected
2025-07-27 17:57:45.937 [org.springframework.kafka.KafkaListenerEndpointContainer#0-0-C-1] WARN  [,] o.apache.kafka.clients.NetworkClient - [Consumer clientId=consumer-flight-service-group-1, groupId=flight-service-group] Connection to node -1 (localhost/127.0.0.1:9092) could not be established. Node may not be available.
2025-07-27 17:57:45.937 [org.springframework.kafka.KafkaListenerEndpointContainer#0-0-C-1] WARN  [,] o.apache.kafka.clients.NetworkClient - [Consumer clientId=consumer-flight-service-group-1, groupId=flight-service-group] Bootstrap broker localhost:9092 (id: -1 rack: null) disconnected
2025-07-27 17:57:46.854 [org.springframework.kafka.KafkaListenerEndpointContainer#0-0-C-1] WARN  [,] o.apache.kafka.clients.NetworkClient - [Consumer clientId=consumer-flight-service-group-1, groupId=flight-service-group] Connection to node -1 (localhost/127.0.0.1:9092) could not be established. Node may not be available.
2025-07-27 17:57:46.854 [org.springframework.kafka.KafkaListenerEndpointContainer#0-0-C-1] WARN  [,] o.apache.kafka.clients.NetworkClient - [Consumer clientId=consumer-flight-service-group-1, groupId=flight-service-group] Bootstrap broker localhost:9092 (id: -1 rack: null) disconnected
2025-07-27 17:57:47.912 [org.springframework.kafka.KafkaListenerEndpointContainer#0-0-C-1] WARN  [,] o.apache.kafka.clients.NetworkClient - [Consumer clientId=consumer-flight-service-group-1, groupId=flight-service-group] Connection to node -1 (localhost/127.0.0.1:9092) could not be established. Node may not be available.
2025-07-27 17:57:47.913 [org.springframework.kafka.KafkaListenerEndpointContainer#0-0-C-1] WARN  [,] o.apache.kafka.clients.NetworkClient - [Consumer clientId=consumer-flight-service-group-1, groupId=flight-service-group] Bootstrap broker localhost:9092 (id: -1 rack: null) disconnected
2025-07-27 17:57:48.828 [org.springframework.kafka.KafkaListenerEndpointContainer#0-0-C-1] WARN  [,] o.apache.kafka.clients.NetworkClient - [Consumer clientId=consumer-flight-service-group-1, groupId=flight-service-group] Connection to node -1 (localhost/127.0.0.1:9092) could not be established. Node may not be available.
2025-07-27 17:57:48.829 [org.springframework.kafka.KafkaListenerEndpointContainer#0-0-C-1] WARN  [,] o.apache.kafka.clients.NetworkClient - [Consumer clientId=consumer-flight-service-group-1, groupId=flight-service-group] Bootstrap broker localhost:9092 (id: -1 rack: null) disconnected
2025-07-27 17:57:49.791 [org.springframework.kafka.KafkaListenerEndpointContainer#0-0-C-1] WARN  [,] o.apache.kafka.clients.NetworkClient - [Consumer clientId=consumer-flight-service-group-1, groupId=flight-service-group] Connection to node -1 (localhost/127.0.0.1:9092) could not be established. Node may not be available.
2025-07-27 17:57:49.792 [org.springframework.kafka.KafkaListenerEndpointContainer#0-0-C-1] WARN  [,] o.apache.kafka.clients.NetworkClient - [Consumer clientId=consumer-flight-service-group-1, groupId=flight-service-group] Bootstrap broker localhost:9092 (id: -1 rack: null) disconnected
2025-07-27 17:57:50.711 [org.springframework.kafka.KafkaListenerEndpointContainer#0-0-C-1] WARN  [,] o.apache.kafka.clients.NetworkClient - [Consumer clientId=consumer-flight-service-group-1, groupId=flight-service-group] Connection to node -1 (localhost/127.0.0.1:9092) could not be established. Node may not be available.
2025-07-27 17:57:50.711 [org.springframework.kafka.KafkaListenerEndpointContainer#0-0-C-1] WARN  [,] o.apache.kafka.clients.NetworkClient - [Consumer clientId=consumer-flight-service-group-1, groupId=flight-service-group] Bootstrap broker localhost:9092 (id: -1 rack: null) disconnected
2025-07-27 17:57:51.737 [org.springframework.kafka.KafkaListenerEndpointContainer#0-0-C-1] WARN  [,] o.apache.kafka.clients.NetworkClient - [Consumer clientId=consumer-flight-service-group-1, groupId=flight-service-group] Connection to node -1 (localhost/127.0.0.1:9092) could not be established. Node may not be available.
2025-07-27 17:57:51.738 [org.springframework.kafka.KafkaListenerEndpointContainer#0-0-C-1] WARN  [,] o.apache.kafka.clients.NetworkClient - [Consumer clientId=consumer-flight-service-group-1, groupId=flight-service-group] Bootstrap broker localhost:9092 (id: -1 rack: null) disconnected
2025-07-27 17:57:52.626 [org.springframework.kafka.KafkaListenerEndpointContainer#0-0-C-1] WARN  [,] o.apache.kafka.clients.NetworkClient - [Consumer clientId=consumer-flight-service-group-1, groupId=flight-service-group] Connection to node -1 (localhost/127.0.0.1:9092) could not be established. Node may not be available.
2025-07-27 17:57:52.627 [org.springframework.kafka.KafkaListenerEndpointContainer#0-0-C-1] WARN  [,] o.apache.kafka.clients.NetworkClient - [Consumer clientId=consumer-flight-service-group-1, groupId=flight-service-group] Bootstrap broker localhost:9092 (id: -1 rack: null) disconnected
2025-07-27 17:57:53.678 [org.springframework.kafka.KafkaListenerEndpointContainer#0-0-C-1] WARN  [,] o.apache.kafka.clients.NetworkClient - [Consumer clientId=consumer-flight-service-group-1, groupId=flight-service-group] Connection to node -1 (localhost/127.0.0.1:9092) could not be established. Node may not be available.
2025-07-27 17:57:53.679 [org.springframework.kafka.KafkaListenerEndpointContainer#0-0-C-1] WARN  [,] o.apache.kafka.clients.NetworkClient - [Consumer clientId=consumer-flight-service-group-1, groupId=flight-service-group] Bootstrap broker localhost:9092 (id: -1 rack: null) disconnected
2025-07-27 17:57:54.537 [org.springframework.kafka.KafkaListenerEndpointContainer#0-0-C-1] WARN  [,] o.apache.kafka.clients.NetworkClient - [Consumer clientId=consumer-flight-service-group-1, groupId=flight-service-group] Connection to node -1 (localhost/127.0.0.1:9092) could not be established. Node may not be available.
2025-07-27 17:57:54.538 [org.springframework.kafka.KafkaListenerEndpointContainer#0-0-C-1] WARN  [,] o.apache.kafka.clients.NetworkClient - [Consumer clientId=consumer-flight-service-group-1, groupId=flight-service-group] Bootstrap broker localhost:9092 (id: -1 rack: null) disconnected
2025-07-27 17:57:55.474 [org.springframework.kafka.KafkaListenerEndpointContainer#0-0-C-1] WARN  [,] o.apache.kafka.clients.NetworkClient - [Consumer clientId=consumer-flight-service-group-1, groupId=flight-service-group] Connection to node -1 (localhost/127.0.0.1:9092) could not be established. Node may not be available.
2025-07-27 17:57:55.475 [org.springframework.kafka.KafkaListenerEndpointContainer#0-0-C-1] WARN  [,] o.apache.kafka.clients.NetworkClient - [Consumer clientId=consumer-flight-service-group-1, groupId=flight-service-group] Bootstrap broker localhost:9092 (id: -1 rack: null) disconnected
2025-07-27 17:57:56.478 [org.springframework.kafka.KafkaListenerEndpointContainer#0-0-C-1] WARN  [,] o.apache.kafka.clients.NetworkClient - [Consumer clientId=consumer-flight-service-group-1, groupId=flight-service-group] Connection to node -1 (localhost/127.0.0.1:9092) could not be established. Node may not be available.
2025-07-27 17:57:56.479 [org.springframework.kafka.KafkaListenerEndpointContainer#0-0-C-1] WARN  [,] o.apache.kafka.clients.NetworkClient - [Consumer clientId=consumer-flight-service-group-1, groupId=flight-service-group] Bootstrap broker localhost:9092 (id: -1 rack: null) disconnected
2025-07-27 17:57:57.302 [org.springframework.kafka.KafkaListenerEndpointContainer#0-0-C-1] WARN  [,] o.apache.kafka.clients.NetworkClient - [Consumer clientId=consumer-flight-service-group-1, groupId=flight-service-group] Connection to node -1 (localhost/127.0.0.1:9092) could not be established. Node may not be available.
2025-07-27 17:57:57.302 [org.springframework.kafka.KafkaListenerEndpointContainer#0-0-C-1] WARN  [,] o.apache.kafka.clients.NetworkClient - [Consumer clientId=consumer-flight-service-group-1, groupId=flight-service-group] Bootstrap broker localhost:9092 (id: -1 rack: null) disconnected
2025-07-27 17:57:58.296 [org.springframework.kafka.KafkaListenerEndpointContainer#0-0-C-1] WARN  [,] o.apache.kafka.clients.NetworkClient - [Consumer clientId=consumer-flight-service-group-1, groupId=flight-service-group] Connection to node -1 (localhost/127.0.0.1:9092) could not be established. Node may not be available.
2025-07-27 17:57:58.296 [org.springframework.kafka.KafkaListenerEndpointContainer#0-0-C-1] WARN  [,] o.apache.kafka.clients.NetworkClient - [Consumer clientId=consumer-flight-service-group-1, groupId=flight-service-group] Bootstrap broker localhost:9092 (id: -1 rack: null) disconnected
2025-07-27 17:57:59.347 [org.springframework.kafka.KafkaListenerEndpointContainer#0-0-C-1] WARN  [,] o.apache.kafka.clients.NetworkClient - [Consumer clientId=consumer-flight-service-group-1, groupId=flight-service-group] Connection to node -1 (localhost/127.0.0.1:9092) could not be established. Node may not be available.
2025-07-27 17:57:59.347 [org.springframework.kafka.KafkaListenerEndpointContainer#0-0-C-1] WARN  [,] o.apache.kafka.clients.NetworkClient - [Consumer clientId=consumer-flight-service-group-1, groupId=flight-service-group] Bootstrap broker localhost:9092 (id: -1 rack: null) disconnected
2025-07-27 17:58:00.231 [org.springframework.kafka.KafkaListenerEndpointContainer#0-0-C-1] WARN  [,] o.apache.kafka.clients.NetworkClient - [Consumer clientId=consumer-flight-service-group-1, groupId=flight-service-group] Connection to node -1 (localhost/127.0.0.1:9092) could not be established. Node may not be available.
2025-07-27 17:58:00.231 [org.springframework.kafka.KafkaListenerEndpointContainer#0-0-C-1] WARN  [,] o.apache.kafka.clients.NetworkClient - [Consumer clientId=consumer-flight-service-group-1, groupId=flight-service-group] Bootstrap broker localhost:9092 (id: -1 rack: null) disconnected
2025-07-27 17:58:01.239 [org.springframework.kafka.KafkaListenerEndpointContainer#0-0-C-1] WARN  [,] o.apache.kafka.clients.NetworkClient - [Consumer clientId=consumer-flight-service-group-1, groupId=flight-service-group] Connection to node -1 (localhost/127.0.0.1:9092) could not be established. Node may not be available.
2025-07-27 17:58:01.239 [org.springframework.kafka.KafkaListenerEndpointContainer#0-0-C-1] WARN  [,] o.apache.kafka.clients.NetworkClient - [Consumer clientId=consumer-flight-service-group-1, groupId=flight-service-group] Bootstrap broker localhost:9092 (id: -1 rack: null) disconnected
2025-07-27 17:58:01.908 [SpringApplicationShutdownHook] INFO  [,] o.s.b.w.e.tomcat.GracefulShutdown - Commencing graceful shutdown. Waiting for active requests to complete
2025-07-27 17:58:01.923 [tomcat-shutdown] INFO  [,] o.s.b.w.e.tomcat.GracefulShutdown - Graceful shutdown complete
2025-07-27 17:58:36.123 [restartedMain] INFO  [,] c.f.f.FlightServiceApplication - Starting FlightServiceApplication using Java 21.0.6 with PID 2712 (C:\Users\akifk\IdeaProjects\flight-management-system\flight-service\target\classes started by akifk in C:\Users\akifk\IdeaProjects\flight-management-system\flight-service)
2025-07-27 17:58:36.125 [restartedMain] INFO  [,] c.f.f.FlightServiceApplication - No active profile set, falling back to 1 default profile: "default"
2025-07-27 17:58:36.162 [restartedMain] INFO  [,] o.s.b.d.e.DevToolsPropertyDefaultsPostProcessor - Devtools property defaults active! Set 'spring.devtools.add-properties' to 'false' to disable
2025-07-27 17:58:36.162 [restartedMain] INFO  [,] o.s.b.d.e.DevToolsPropertyDefaultsPostProcessor - For additional web related logging consider setting the 'logging.level.web' property to 'DEBUG'
2025-07-27 17:58:38.311 [restartedMain] INFO  [,] o.s.b.w.e.tomcat.TomcatWebServer - Tomcat initialized with port 8082 (http)
2025-07-27 17:58:38.359 [restartedMain] INFO  [,] o.s.b.w.s.c.ServletWebServerApplicationContext - Root WebApplicationContext: initialization completed in 2196 ms
2025-07-27 17:58:38.661 [restartedMain] DEBUG [,] o.s.w.f.CommonsRequestLoggingFilter - Filter 'requestLoggingFilter' configured for use
2025-07-27 17:58:41.293 [restartedMain] WARN  [,] org.hibernate.orm.deprecation - HHH90000025: MySQL8Dialect does not need to be specified explicitly using 'hibernate.dialect' (remove the property setting and it will be selected by default)
2025-07-27 17:58:41.293 [restartedMain] WARN  [,] org.hibernate.orm.deprecation - HHH90000026: MySQL8Dialect has been deprecated; use org.hibernate.dialect.MySQLDialect instead
2025-07-27 17:58:44.858 [restartedMain] INFO  [,] c.f.f.service.MetricsService - Initializing custom metrics for Flight Service
2025-07-27 17:58:44.858 [restartedMain] INFO  [,] c.f.f.service.MetricsService - Custom metrics initialized successfully
2025-07-27 17:58:45.325 [restartedMain] WARN  [,] o.s.b.a.o.j.JpaBaseConfiguration$JpaWebConfiguration - spring.jpa.open-in-view is enabled by default. Therefore, database queries may be performed during view rendering. Explicitly configure spring.jpa.open-in-view to disable this warning
2025-07-27 17:58:45.925 [restartedMain] INFO  [,] o.s.b.a.e.web.EndpointLinksResolver - Exposing 7 endpoints beneath base path '/actuator'
2025-07-27 17:58:47.040 [restartedMain] WARN  [,] o.s.b.d.a.OptionalLiveReloadServer - Unable to start LiveReload server
2025-07-27 17:58:47.135 [restartedMain] INFO  [,] o.s.b.w.e.tomcat.TomcatWebServer - Tomcat started on port 8082 (http) with context path '/'
2025-07-27 17:58:47.341 [restartedMain] INFO  [,] c.f.f.FlightServiceApplication - Started FlightServiceApplication in 11.617 seconds (process running for 12.043)
2025-07-27 17:58:47.530 [org.springframework.kafka.KafkaListenerEndpointContainer#0-0-C-1] WARN  [,] o.apache.kafka.clients.NetworkClient - [Consumer clientId=consumer-flight-service-group-1, groupId=flight-service-group] Connection to node -1 (localhost/127.0.0.1:9092) could not be established. Node may not be available.
2025-07-27 17:58:47.531 [org.springframework.kafka.KafkaListenerEndpointContainer#0-0-C-1] WARN  [,] o.apache.kafka.clients.NetworkClient - [Consumer clientId=consumer-flight-service-group-1, groupId=flight-service-group] Bootstrap broker localhost:9092 (id: -1 rack: null) disconnected
2025-07-27 17:58:47.645 [org.springframework.kafka.KafkaListenerEndpointContainer#0-0-C-1] WARN  [,] o.apache.kafka.clients.NetworkClient - [Consumer clientId=consumer-flight-service-group-1, groupId=flight-service-group] Connection to node -1 (localhost/127.0.0.1:9092) could not be established. Node may not be available.
2025-07-27 17:58:47.646 [org.springframework.kafka.KafkaListenerEndpointContainer#0-0-C-1] WARN  [,] o.apache.kafka.clients.NetworkClient - [Consumer clientId=consumer-flight-service-group-1, groupId=flight-service-group] Bootstrap broker localhost:9092 (id: -1 rack: null) disconnected
2025-07-27 17:58:47.762 [org.springframework.kafka.KafkaListenerEndpointContainer#0-0-C-1] WARN  [,] o.apache.kafka.clients.NetworkClient - [Consumer clientId=consumer-flight-service-group-1, groupId=flight-service-group] Connection to node -1 (localhost/127.0.0.1:9092) could not be established. Node may not be available.
2025-07-27 17:58:47.762 [org.springframework.kafka.KafkaListenerEndpointContainer#0-0-C-1] WARN  [,] o.apache.kafka.clients.NetworkClient - [Consumer clientId=consumer-flight-service-group-1, groupId=flight-service-group] Bootstrap broker localhost:9092 (id: -1 rack: null) disconnected
2025-07-27 17:58:47.933 [org.springframework.kafka.KafkaListenerEndpointContainer#0-0-C-1] WARN  [,] o.apache.kafka.clients.NetworkClient - [Consumer clientId=consumer-flight-service-group-1, groupId=flight-service-group] Connection to node -1 (localhost/127.0.0.1:9092) could not be established. Node may not be available.
2025-07-27 17:58:47.934 [org.springframework.kafka.KafkaListenerEndpointContainer#0-0-C-1] WARN  [,] o.apache.kafka.clients.NetworkClient - [Consumer clientId=consumer-flight-service-group-1, groupId=flight-service-group] Bootstrap broker localhost:9092 (id: -1 rack: null) disconnected
2025-07-27 17:58:48.323 [org.springframework.kafka.KafkaListenerEndpointContainer#0-0-C-1] WARN  [,] o.apache.kafka.clients.NetworkClient - [Consumer clientId=consumer-flight-service-group-1, groupId=flight-service-group] Connection to node -1 (localhost/127.0.0.1:9092) could not be established. Node may not be available.
2025-07-27 17:58:48.323 [org.springframework.kafka.KafkaListenerEndpointContainer#0-0-C-1] WARN  [,] o.apache.kafka.clients.NetworkClient - [Consumer clientId=consumer-flight-service-group-1, groupId=flight-service-group] Bootstrap broker localhost:9092 (id: -1 rack: null) disconnected
2025-07-27 17:58:49.052 [org.springframework.kafka.KafkaListenerEndpointContainer#0-0-C-1] WARN  [,] o.apache.kafka.clients.NetworkClient - [Consumer clientId=consumer-flight-service-group-1, groupId=flight-service-group] Connection to node -1 (localhost/127.0.0.1:9092) could not be established. Node may not be available.
2025-07-27 17:58:49.052 [org.springframework.kafka.KafkaListenerEndpointContainer#0-0-C-1] WARN  [,] o.apache.kafka.clients.NetworkClient - [Consumer clientId=consumer-flight-service-group-1, groupId=flight-service-group] Bootstrap broker localhost:9092 (id: -1 rack: null) disconnected
2025-07-27 17:58:50.095 [org.springframework.kafka.KafkaListenerEndpointContainer#0-0-C-1] WARN  [,] o.apache.kafka.clients.NetworkClient - [Consumer clientId=consumer-flight-service-group-1, groupId=flight-service-group] Connection to node -1 (localhost/127.0.0.1:9092) could not be established. Node may not be available.
2025-07-27 17:58:50.095 [org.springframework.kafka.KafkaListenerEndpointContainer#0-0-C-1] WARN  [,] o.apache.kafka.clients.NetworkClient - [Consumer clientId=consumer-flight-service-group-1, groupId=flight-service-group] Bootstrap broker localhost:9092 (id: -1 rack: null) disconnected
2025-07-27 17:58:51.144 [org.springframework.kafka.KafkaListenerEndpointContainer#0-0-C-1] WARN  [,] o.apache.kafka.clients.NetworkClient - [Consumer clientId=consumer-flight-service-group-1, groupId=flight-service-group] Connection to node -1 (localhost/127.0.0.1:9092) could not be established. Node may not be available.
2025-07-27 17:58:51.144 [org.springframework.kafka.KafkaListenerEndpointContainer#0-0-C-1] WARN  [,] o.apache.kafka.clients.NetworkClient - [Consumer clientId=consumer-flight-service-group-1, groupId=flight-service-group] Bootstrap broker localhost:9092 (id: -1 rack: null) disconnected
2025-07-27 17:58:52.122 [org.springframework.kafka.KafkaListenerEndpointContainer#0-0-C-1] WARN  [,] o.apache.kafka.clients.NetworkClient - [Consumer clientId=consumer-flight-service-group-1, groupId=flight-service-group] Connection to node -1 (localhost/127.0.0.1:9092) could not be established. Node may not be available.
2025-07-27 17:58:52.122 [org.springframework.kafka.KafkaListenerEndpointContainer#0-0-C-1] WARN  [,] o.apache.kafka.clients.NetworkClient - [Consumer clientId=consumer-flight-service-group-1, groupId=flight-service-group] Bootstrap broker localhost:9092 (id: -1 rack: null) disconnected
2025-07-27 17:58:53.163 [org.springframework.kafka.KafkaListenerEndpointContainer#0-0-C-1] WARN  [,] o.apache.kafka.clients.NetworkClient - [Consumer clientId=consumer-flight-service-group-1, groupId=flight-service-group] Connection to node -1 (localhost/127.0.0.1:9092) could not be established. Node may not be available.
2025-07-27 17:58:53.164 [org.springframework.kafka.KafkaListenerEndpointContainer#0-0-C-1] WARN  [,] o.apache.kafka.clients.NetworkClient - [Consumer clientId=consumer-flight-service-group-1, groupId=flight-service-group] Bootstrap broker localhost:9092 (id: -1 rack: null) disconnected
2025-07-27 17:58:54.109 [org.springframework.kafka.KafkaListenerEndpointContainer#0-0-C-1] WARN  [,] o.apache.kafka.clients.NetworkClient - [Consumer clientId=consumer-flight-service-group-1, groupId=flight-service-group] Connection to node -1 (localhost/127.0.0.1:9092) could not be established. Node may not be available.
2025-07-27 17:58:54.110 [org.springframework.kafka.KafkaListenerEndpointContainer#0-0-C-1] WARN  [,] o.apache.kafka.clients.NetworkClient - [Consumer clientId=consumer-flight-service-group-1, groupId=flight-service-group] Bootstrap broker localhost:9092 (id: -1 rack: null) disconnected
2025-07-27 17:58:55.152 [org.springframework.kafka.KafkaListenerEndpointContainer#0-0-C-1] WARN  [,] o.apache.kafka.clients.NetworkClient - [Consumer clientId=consumer-flight-service-group-1, groupId=flight-service-group] Connection to node -1 (localhost/127.0.0.1:9092) could not be established. Node may not be available.
2025-07-27 17:58:55.153 [org.springframework.kafka.KafkaListenerEndpointContainer#0-0-C-1] WARN  [,] o.apache.kafka.clients.NetworkClient - [Consumer clientId=consumer-flight-service-group-1, groupId=flight-service-group] Bootstrap broker localhost:9092 (id: -1 rack: null) disconnected
2025-07-27 17:58:56.161 [org.springframework.kafka.KafkaListenerEndpointContainer#0-0-C-1] WARN  [,] o.apache.kafka.clients.NetworkClient - [Consumer clientId=consumer-flight-service-group-1, groupId=flight-service-group] Connection to node -1 (localhost/127.0.0.1:9092) could not be established. Node may not be available.
2025-07-27 17:58:56.162 [org.springframework.kafka.KafkaListenerEndpointContainer#0-0-C-1] WARN  [,] o.apache.kafka.clients.NetworkClient - [Consumer clientId=consumer-flight-service-group-1, groupId=flight-service-group] Bootstrap broker localhost:9092 (id: -1 rack: null) disconnected
2025-07-27 17:58:57.218 [org.springframework.kafka.KafkaListenerEndpointContainer#0-0-C-1] WARN  [,] o.apache.kafka.clients.NetworkClient - [Consumer clientId=consumer-flight-service-group-1, groupId=flight-service-group] Connection to node -1 (localhost/127.0.0.1:9092) could not be established. Node may not be available.
2025-07-27 17:58:57.219 [org.springframework.kafka.KafkaListenerEndpointContainer#0-0-C-1] WARN  [,] o.apache.kafka.clients.NetworkClient - [Consumer clientId=consumer-flight-service-group-1, groupId=flight-service-group] Bootstrap broker localhost:9092 (id: -1 rack: null) disconnected
2025-07-27 17:58:58.085 [org.springframework.kafka.KafkaListenerEndpointContainer#0-0-C-1] WARN  [,] o.apache.kafka.clients.NetworkClient - [Consumer clientId=consumer-flight-service-group-1, groupId=flight-service-group] Connection to node -1 (localhost/127.0.0.1:9092) could not be established. Node may not be available.
2025-07-27 17:58:58.086 [org.springframework.kafka.KafkaListenerEndpointContainer#0-0-C-1] WARN  [,] o.apache.kafka.clients.NetworkClient - [Consumer clientId=consumer-flight-service-group-1, groupId=flight-service-group] Bootstrap broker localhost:9092 (id: -1 rack: null) disconnected
2025-07-27 17:58:59.003 [org.springframework.kafka.KafkaListenerEndpointContainer#0-0-C-1] WARN  [,] o.apache.kafka.clients.NetworkClient - [Consumer clientId=consumer-flight-service-group-1, groupId=flight-service-group] Connection to node -1 (localhost/127.0.0.1:9092) could not be established. Node may not be available.
2025-07-27 17:58:59.004 [org.springframework.kafka.KafkaListenerEndpointContainer#0-0-C-1] WARN  [,] o.apache.kafka.clients.NetworkClient - [Consumer clientId=consumer-flight-service-group-1, groupId=flight-service-group] Bootstrap broker localhost:9092 (id: -1 rack: null) disconnected
2025-07-27 17:59:00.006 [org.springframework.kafka.KafkaListenerEndpointContainer#0-0-C-1] WARN  [,] o.apache.kafka.clients.NetworkClient - [Consumer clientId=consumer-flight-service-group-1, groupId=flight-service-group] Connection to node -1 (localhost/127.0.0.1:9092) could not be established. Node may not be available.
2025-07-27 17:59:00.006 [org.springframework.kafka.KafkaListenerEndpointContainer#0-0-C-1] WARN  [,] o.apache.kafka.clients.NetworkClient - [Consumer clientId=consumer-flight-service-group-1, groupId=flight-service-group] Bootstrap broker localhost:9092 (id: -1 rack: null) disconnected
2025-07-27 17:59:01.062 [org.springframework.kafka.KafkaListenerEndpointContainer#0-0-C-1] WARN  [,] o.apache.kafka.clients.NetworkClient - [Consumer clientId=consumer-flight-service-group-1, groupId=flight-service-group] Connection to node -1 (localhost/127.0.0.1:9092) could not be established. Node may not be available.
2025-07-27 17:59:01.063 [org.springframework.kafka.KafkaListenerEndpointContainer#0-0-C-1] WARN  [,] o.apache.kafka.clients.NetworkClient - [Consumer clientId=consumer-flight-service-group-1, groupId=flight-service-group] Bootstrap broker localhost:9092 (id: -1 rack: null) disconnected
2025-07-27 17:59:02.067 [org.springframework.kafka.KafkaListenerEndpointContainer#0-0-C-1] WARN  [,] o.apache.kafka.clients.NetworkClient - [Consumer clientId=consumer-flight-service-group-1, groupId=flight-service-group] Connection to node -1 (localhost/127.0.0.1:9092) could not be established. Node may not be available.
2025-07-27 17:59:02.068 [org.springframework.kafka.KafkaListenerEndpointContainer#0-0-C-1] WARN  [,] o.apache.kafka.clients.NetworkClient - [Consumer clientId=consumer-flight-service-group-1, groupId=flight-service-group] Bootstrap broker localhost:9092 (id: -1 rack: null) disconnected
2025-07-27 17:59:03.068 [org.springframework.kafka.KafkaListenerEndpointContainer#0-0-C-1] WARN  [,] o.apache.kafka.clients.NetworkClient - [Consumer clientId=consumer-flight-service-group-1, groupId=flight-service-group] Connection to node -1 (localhost/127.0.0.1:9092) could not be established. Node may not be available.
2025-07-27 17:59:03.069 [org.springframework.kafka.KafkaListenerEndpointContainer#0-0-C-1] WARN  [,] o.apache.kafka.clients.NetworkClient - [Consumer clientId=consumer-flight-service-group-1, groupId=flight-service-group] Bootstrap broker localhost:9092 (id: -1 rack: null) disconnected
2025-07-27 17:59:04.096 [org.springframework.kafka.KafkaListenerEndpointContainer#0-0-C-1] WARN  [,] o.apache.kafka.clients.NetworkClient - [Consumer clientId=consumer-flight-service-group-1, groupId=flight-service-group] Connection to node -1 (localhost/127.0.0.1:9092) could not be established. Node may not be available.
2025-07-27 17:59:04.097 [org.springframework.kafka.KafkaListenerEndpointContainer#0-0-C-1] WARN  [,] o.apache.kafka.clients.NetworkClient - [Consumer clientId=consumer-flight-service-group-1, groupId=flight-service-group] Bootstrap broker localhost:9092 (id: -1 rack: null) disconnected
2025-07-27 17:59:05.041 [org.springframework.kafka.KafkaListenerEndpointContainer#0-0-C-1] WARN  [,] o.apache.kafka.clients.NetworkClient - [Consumer clientId=consumer-flight-service-group-1, groupId=flight-service-group] Connection to node -1 (localhost/127.0.0.1:9092) could not be established. Node may not be available.
2025-07-27 17:59:05.085 [org.springframework.kafka.KafkaListenerEndpointContainer#0-0-C-1] WARN  [,] o.apache.kafka.clients.NetworkClient - [Consumer clientId=consumer-flight-service-group-1, groupId=flight-service-group] Bootstrap broker localhost:9092 (id: -1 rack: null) disconnected
2025-07-27 17:59:06.051 [org.springframework.kafka.KafkaListenerEndpointContainer#0-0-C-1] WARN  [,] o.apache.kafka.clients.NetworkClient - [Consumer clientId=consumer-flight-service-group-1, groupId=flight-service-group] Connection to node -1 (localhost/127.0.0.1:9092) could not be established. Node may not be available.
2025-07-27 17:59:06.052 [org.springframework.kafka.KafkaListenerEndpointContainer#0-0-C-1] WARN  [,] o.apache.kafka.clients.NetworkClient - [Consumer clientId=consumer-flight-service-group-1, groupId=flight-service-group] Bootstrap broker localhost:9092 (id: -1 rack: null) disconnected
2025-07-27 17:59:06.348 [SpringApplicationShutdownHook] INFO  [,] o.s.b.w.e.tomcat.GracefulShutdown - Commencing graceful shutdown. Waiting for active requests to complete
2025-07-27 17:59:06.356 [tomcat-shutdown] INFO  [,] o.s.b.w.e.tomcat.GracefulShutdown - Graceful shutdown complete
